<?xml version="1.0" encoding="UTF-8"?>
<testsuite name="TestSuite" time="41.557" tests="1" errors="0" skipped="0" failures="1">
  <properties>
    <property name="java.runtime.name" value="Java(TM) SE Runtime Environment"/>
    <property name="sun.boot.library.path" value="C:\Program Files\Java\jdk1.8.0_151\jre\bin"/>
    <property name="java.vm.version" value="25.151-b12"/>
    <property name="java.vm.vendor" value="Oracle Corporation"/>
    <property name="maven.multiModuleProjectDirectory" value="C:\Users\vaibhav.choudhary\workspace\qa"/>
    <property name="java.vendor.url" value="http://java.oracle.com/"/>
    <property name="path.separator" value=";"/>
    <property name="guice.disable.misplaced.annotation.check" value="true"/>
    <property name="java.vm.name" value="Java HotSpot(TM) 64-Bit Server VM"/>
    <property name="file.encoding.pkg" value="sun.io"/>
    <property name="user.script" value=""/>
    <property name="user.country" value="IN"/>
    <property name="sun.java.launcher" value="SUN_STANDARD"/>
    <property name="sun.os.patch.level" value=""/>
    <property name="java.vm.specification.name" value="Java Virtual Machine Specification"/>
    <property name="user.dir" value="C:\Users\vaibhav.choudhary\workspace\qa"/>
    <property name="java.runtime.version" value="1.8.0_151-b12"/>
    <property name="java.awt.graphicsenv" value="sun.awt.Win32GraphicsEnvironment"/>
    <property name="java.endorsed.dirs" value="C:\Program Files\Java\jdk1.8.0_151\jre\lib\endorsed"/>
    <property name="os.arch" value="amd64"/>
    <property name="java.io.tmpdir" value="C:\Users\VAIBHA~1.CHO\AppData\Local\Temp\"/>
    <property name="line.separator" value="&#10;"/>
    <property name="java.vm.specification.vendor" value="Oracle Corporation"/>
    <property name="user.variant" value=""/>
    <property name="os.name" value="Windows 10"/>
    <property name="classworlds.conf" value="C:\Users\vaibhav.choudhary\workspace\.metadata\.plugins\org.eclipse.m2e.launching\launches\m2conf1820204370079071300.tmp"/>
    <property name="sun.jnu.encoding" value="Cp1252"/>
    <property name="java.library.path" value="C:\Program Files\Java\jdk1.8.0_151\jre\bin;C:\WINDOWS\Sun\Java\bin;C:\WINDOWS\system32;C:\WINDOWS;C:/Program Files/Java/jre1.8.0_151/bin/server;C:/Program Files/Java/jre1.8.0_151/bin;C:/Program Files/Java/jre1.8.0_151/lib/amd64;C:\Program Files (x86)\Intel\iCLS Client\;C:\Program Files\Intel\iCLS Client\;C:\ProgramData\Oracle\Java\javapath;C:\WINDOWS\system32;C:\WINDOWS;C:\WINDOWS\System32\Wbem;C:\WINDOWS\System32\WindowsPowerShell\v1.0\;C:\Program Files (x86)\Intel\Intel(R) Management Engine Components\DAL;C:\Program Files\Intel\Intel(R) Management Engine Components\DAL;C:\Program Files (x86)\Intel\Intel(R) Management Engine Components\IPT;C:\Program Files\Intel\Intel(R) Management Engine Components\IPT;C:\JMeter\bin;C:\Program Files (x86)\Java\jdk1.8.0_151\bin;C:\Program Files (x86)\Skype\Phone\;%ANDROID_HOME%\platform-tools;%ANDROID_HOME%\tools;C:\Program Files\nodejs\;C:\Program Files\TortoiseSVN\bin;C:\Program Files (x86)\Perficient\SeleniumGrid\;C:\Program Files (x86)\Perficient\Ivan\;C:\Users\vaibhav.choudhary\AppData\Local\Programs\Python\Python36-32\python.exe;C:\Users\vaibhav.choudhary\AppData\Local\Programs\Python\Python36-32;C:\Program Files (x86)\Perficient\SeleniumGrid\ADB\;C:\Users\vaibhav.choudhary\AppData\Local\Microsoft\WindowsApps;C:\Users\vaibhav.choudhary\AppData\Roaming\npm;C:\Users\vaibhav.choudhary\Downloads\eclipse;;."/>
    <property name="java.specification.name" value="Java Platform API Specification"/>
    <property name="java.class.version" value="52.0"/>
    <property name="sun.management.compiler" value="HotSpot 64-Bit Tiered Compilers"/>
    <property name="os.version" value="10.0"/>
    <property name="user.home" value="C:\Users\vaibhav.choudhary"/>
    <property name="user.timezone" value="Asia/Calcutta"/>
    <property name="java.awt.printerjob" value="sun.awt.windows.WPrinterJob"/>
    <property name="java.specification.version" value="1.8"/>
    <property name="file.encoding" value="Cp1252"/>
    <property name="user.name" value="vaibhav.choudhary"/>
    <property name="java.class.path" value="/C:/Users/vaibhav.choudhary/Downloads/eclipse/plugins/org.eclipse.m2e.maven.runtime_1.6.2.20150902-0001/jars/plexus-classworlds-2.5.2.jar"/>
    <property name="java.vm.specification.version" value="1.8"/>
    <property name="sun.arch.data.model" value="64"/>
    <property name="java.home" value="C:\Program Files\Java\jdk1.8.0_151\jre"/>
    <property name="sun.java.command" value="org.codehaus.plexus.classworlds.launcher.Launcher -B test"/>
    <property name="java.specification.vendor" value="Oracle Corporation"/>
    <property name="user.language" value="en"/>
    <property name="awt.toolkit" value="sun.awt.windows.WToolkit"/>
    <property name="java.vm.info" value="mixed mode"/>
    <property name="java.version" value="1.8.0_151"/>
    <property name="java.ext.dirs" value="C:\Program Files\Java\jdk1.8.0_151\jre\lib\ext;C:\WINDOWS\Sun\Java\lib\ext"/>
    <property name="sun.boot.class.path" value="C:\Program Files\Java\jdk1.8.0_151\jre\lib\resources.jar;C:\Program Files\Java\jdk1.8.0_151\jre\lib\rt.jar;C:\Program Files\Java\jdk1.8.0_151\jre\lib\sunrsasign.jar;C:\Program Files\Java\jdk1.8.0_151\jre\lib\jsse.jar;C:\Program Files\Java\jdk1.8.0_151\jre\lib\jce.jar;C:\Program Files\Java\jdk1.8.0_151\jre\lib\charsets.jar;C:\Program Files\Java\jdk1.8.0_151\jre\lib\jfr.jar;C:\Program Files\Java\jdk1.8.0_151\jre\classes"/>
    <property name="java.vendor" value="Oracle Corporation"/>
    <property name="maven.home" value="C:\Users\vaibhav.choudhary\workspace\qa\EMBEDDED"/>
    <property name="file.separator" value="\"/>
    <property name="java.vendor.url.bug" value="http://bugreport.sun.com/bugreport/"/>
    <property name="sun.cpu.endian" value="little"/>
    <property name="sun.io.unicode.encoding" value="UnicodeLittle"/>
    <property name="sun.desktop" value="windows"/>
    <property name="sun.cpu.isalist" value="amd64"/>
  </properties>
  <testcase name="feature" classname="com.practice.qa.Runner" time="41.557">
    <failure message="java.lang.AssertionError: expected:&lt;true&gt; but was:&lt;false&gt;" type="cucumber.runtime.CucumberException"><![CDATA[cucumber.runtime.CucumberException: java.lang.AssertionError: expected:<true> but was:<false>
	at cucumber.api.testng.TestNGCucumberRunner.runCucumber(TestNGCucumberRunner.java:69)
	at cucumber.api.testng.AbstractTestNGCucumberTests.feature(AbstractTestNGCucumberTests.java:21)
	at sun.reflect.NativeMethodAccessorImpl.invoke0(Native Method)
	at sun.reflect.NativeMethodAccessorImpl.invoke(NativeMethodAccessorImpl.java:62)
	at sun.reflect.DelegatingMethodAccessorImpl.invoke(DelegatingMethodAccessorImpl.java:43)
	at java.lang.reflect.Method.invoke(Method.java:498)
	at org.testng.internal.MethodInvocationHelper.invokeMethod(MethodInvocationHelper.java:80)
	at org.testng.internal.Invoker.invokeMethod(Invoker.java:673)
	at org.testng.internal.Invoker.invokeTestMethod(Invoker.java:842)
	at org.testng.internal.Invoker.invokeTestMethods(Invoker.java:1166)
	at org.testng.internal.TestMethodWorker.invokeTestMethods(TestMethodWorker.java:125)
	at org.testng.internal.TestMethodWorker.run(TestMethodWorker.java:109)
	at org.testng.TestRunner.runWorkers(TestRunner.java:1172)
	at org.testng.TestRunner.privateRun(TestRunner.java:757)
	at org.testng.TestRunner.run(TestRunner.java:608)
	at org.testng.SuiteRunner.runTest(SuiteRunner.java:334)
	at org.testng.SuiteRunner.runSequentially(SuiteRunner.java:329)
	at org.testng.SuiteRunner.privateRun(SuiteRunner.java:291)
	at org.testng.SuiteRunner.run(SuiteRunner.java:240)
	at org.testng.SuiteRunnerWorker.runSuite(SuiteRunnerWorker.java:52)
	at org.testng.SuiteRunnerWorker.run(SuiteRunnerWorker.java:86)
	at org.testng.TestNG.runSuitesSequentially(TestNG.java:1158)
	at org.testng.TestNG.runSuitesLocally(TestNG.java:1083)
	at org.testng.TestNG.run(TestNG.java:999)
	at org.apache.maven.surefire.testng.TestNGExecutor.run(TestNGExecutor.java:217)
	at org.apache.maven.surefire.testng.TestNGXmlTestSuite.execute(TestNGXmlTestSuite.java:84)
	at org.apache.maven.surefire.testng.TestNGProvider.invoke(TestNGProvider.java:92)
	at org.apache.maven.surefire.booter.ForkedBooter.invokeProviderInSameClassLoader(ForkedBooter.java:200)
	at org.apache.maven.surefire.booter.ForkedBooter.runSuitesInProcess(ForkedBooter.java:153)
	at org.apache.maven.surefire.booter.ForkedBooter.main(ForkedBooter.java:103)
Caused by: java.lang.AssertionError: expected:<true> but was:<false>
	at org.testng.Assert.fail(Assert.java:89)
	at org.testng.Assert.failNotEquals(Assert.java:489)
	at org.testng.Assert.assertTrue(Assert.java:37)
	at org.testng.Assert.assertTrue(Assert.java:47)
	at com.practice.qa.Homepage.VerifyGetUpdateForm(Homepage.java:142)
	at com.practice.qa.StepDef.user_verifies_Golf_form(StepDef.java:24)
	at âœ½.Then user verifies Golf form(GUP.feature:11)
]]></failure>
    <system-out><![CDATA[Onstatrt
Set
On trst Start ....................
@GUPLeads
Feature: Get Update Lead Testing
  I want to test Get Update leads used in Project

  @Email
  Scenario Outline: verify Get updates form with email from HomePage                                   &amp#27;[90m# GUP.feature:9&amp#27;[0m
    &amp#27;[36mWhen &amp#27;[0m&amp#27;[36muser clicks on Get updates Link&amp#27;[0m
    &amp#27;[36mThen &amp#27;[0m&amp#27;[36muser verifies Golf form&amp#27;[0m
    &amp#27;[36mAnd &amp#27;[0m&amp#27;[36muser enters details firstname as "<firstName>" lastname as "<lastName>" and zip as "<zip>"&amp#27;[0m
    &amp#27;[36mAnd &amp#27;[0m&amp#27;[36muser enter email as "<email>"&amp#27;[0m
    &amp#27;[36mAnd &amp#27;[0m&amp#27;[36muser click on submit button&amp#27;[0m
    &amp#27;[36mAnd &amp#27;[0m&amp#27;[36muser login to handraiser db on new tab&amp#27;[0m
    &amp#27;[36mAnd &amp#27;[0m&amp#27;[36muser searches for the Lead&amp#27;[0m
    &amp#27;[36mThen &amp#27;[0m&amp#27;[36muser verifies "<lastName>", "<zip>", szBrchr as "NoBlank", szQA as "0799A",szLanguage as "en"&amp#27;[0m
    &amp#27;[36mThen &amp#27;[0m&amp#27;[36muser verifies  "<email>"&amp#27;[0m
    &amp#27;[36mThen &amp#27;[0m&amp#27;[36muser close the tab&amp#27;[0m

    Examples: 

  Background:                         &amp#27;[90m# GUP.feature:5&amp#27;[0m
    &amp#27;[32mGiven &amp#27;[0m&amp#27;[32muser is on vehicle Homepage&amp#27;[0m &amp#27;[90m# StepDef.user_is_on_Homepage()&amp#27;[0m

  @GUPLeads @Email
  Scenario Outline: verify Get updates form with email from HomePage                              &amp#27;[90m# GUP.feature:23&amp#27;[0m
    &amp#27;[32mWhen &amp#27;[0m&amp#27;[32muser clicks on Get updates Link&amp#27;[0m                                                          &amp#27;[90m# StepDef.user_clicks_on_Get_updates_Link()&amp#27;[0m
    &amp#27;[31mThen &amp#27;[0m&amp#27;[31muser verifies Golf form&amp#27;[0m                                                                  &amp#27;[90m# StepDef.user_verifies_Golf_form()&amp#27;[0m
      &amp#27;[31mjava.lang.AssertionError: expected:<true> but was:<false>
      	at org.testng.Assert.fail(Assert.java:89)
      	at org.testng.Assert.failNotEquals(Assert.java:489)
      	at org.testng.Assert.assertTrue(Assert.java:37)
      	at org.testng.Assert.assertTrue(Assert.java:47)
      	at com.practice.qa.Homepage.VerifyGetUpdateForm(Homepage.java:142)
      	at com.practice.qa.StepDef.user_verifies_Golf_form(StepDef.java:24)
      	at ?.Then user verifies Golf form(GUP.feature:11)
      &amp#27;[0m
    &amp#27;[36mAnd &amp#27;[0m&amp#27;[36muser enters details firstname as "&amp#27;[0m&amp#27;[36m&amp#27;[1mFtest&amp#27;[0m&amp#27;[36m" lastname as "&amp#27;[0m&amp#27;[36m&amp#27;[1mLTest&amp#27;[0m&amp#27;[36m" and zip as "&amp#27;[0m&amp#27;[36m&amp#27;[1m48127&amp#27;[0m&amp#27;[36m"&amp#27;[0m           &amp#27;[90m# StepDef.user_enters_details_firstname_as_lastname_as_and_zip_as(String,String,String)&amp#27;[0m
    &amp#27;[36mAnd &amp#27;[0m&amp#27;[36muser enter email as "&amp#27;[0m&amp#27;[36m&amp#27;[1mtest@test.com&amp#27;[0m&amp#27;[36m"&amp#27;[0m                                                       &amp#27;[90m# StepDef.user_enter_email_as(String)&amp#27;[0m
    &amp#27;[36mAnd &amp#27;[0m&amp#27;[36muser click on submit button&amp#27;[0m                                                               &amp#27;[90m# StepDef.user_click_on_submit_button()&amp#27;[0m
    &amp#27;[36mAnd &amp#27;[0m&amp#27;[36muser login to handraiser db on new tab&amp#27;[0m                                                    &amp#27;[90m# StepDef.accessHandRaiser()&amp#27;[0m
    &amp#27;[36mAnd &amp#27;[0m&amp#27;[36muser searches for the Lead&amp#27;[0m                                                                &amp#27;[90m# StepDef.user_searches_for_the_Lead()&amp#27;[0m
    &amp#27;[36mThen &amp#27;[0m&amp#27;[36muser verifies "&amp#27;[0m&amp#27;[36m&amp#27;[1mLTest&amp#27;[0m&amp#27;[36m", "&amp#27;[0m&amp#27;[36m&amp#27;[1m48127&amp#27;[0m&amp#27;[36m", szBrchr as "&amp#27;[0m&amp#27;[36m&amp#27;[1mNoBlank&amp#27;[0m&amp#27;[36m", szQA as "&amp#27;[0m&amp#27;[36m&amp#27;[1m0799A&amp#27;[0m&amp#27;[36m",szLanguage as "&amp#27;[0m&amp#27;[36m&amp#27;[1men&amp#27;[0m&amp#27;[36m"&amp#27;[0m &amp#27;[90m# StepDef.user_verifies_szBrchr_as_szQA_as_szLanguage_as(String,String,String,String,String)&amp#27;[0m
    &amp#27;[36mThen &amp#27;[0m&amp#27;[36muser verifies  "&amp#27;[0m&amp#27;[36m&amp#27;[1mtest@test.com&amp#27;[0m&amp#27;[36m"&amp#27;[0m                                                           &amp#27;[90m# StepDef.user_verifies(String)&amp#27;[0m
    &amp#27;[36mThen &amp#27;[0m&amp#27;[36muser close the tab&amp#27;[0m                                                                       &amp#27;[90m# StepDef.closeTab()&amp#27;[0m
]]></system-out>
    <system-err><![CDATA[Starting ChromeDriver 2.40.565498 (ea082db3280dd6843ebfb08a625e3eb905c4f5ab) on port 44803
Only local connections are allowed.
Jul 06, 2018 6:34:56 PM org.openqa.selenium.remote.ProtocolHandshake createSession
INFO: Attempting bi-dialect session, assuming Postel's Law holds true on the remote end
Jul 06, 2018 6:34:57 PM org.openqa.selenium.remote.ProtocolHandshake createSession
INFO: Detected dialect: OSS
]]></system-err>
  </testcase>
</testsuite>